Build started 20/04/2015 4:17:34 a.m..
     1>Project "D:\Dropbox\Development\Heretic\Heretic\Heretic.vcxproj" on node 2 (build target(s)).
     1>InitializeBuildStatus:
         Creating "Release\Heretic.unsuccessfulbuild" because "AlwaysCreate" was specified.
       ClCompile:
         C:\Program Files (x86)\Microsoft Visual Studio 10.0\VC\bin\CL.exe /c /IC:\boost_1_57_0 /I"D:\Dropbox\Development\Heretic\Heretic\lib\SFML-2.2\include" /I"D:\Dropbox\Development\Heretic\Heretic\lib\glew-1.11.0\include" /ID:\Dropbox\Development\Heretic\Heretic\lib\freetype\include /ID:\Dropbox\Development\Heretic\Heretic\lib\DevIL\include /ID:\Dropbox\Development\Heretic\Heretic /Zi /nologo /W3 /WX- /O2 /Oi /Oy- /GL /D _MBCS /Gm- /EHsc /MD /GS /Gy /fp:precise /Zc:wchar_t /Zc:forScope /Fo"Release\\" /Fd"Release\vc100.pdb" /Gd /TP /analyze- /errorReport:prompt src\entities\gameplay\function\FunctionAttack.cpp
         FunctionAttack.cpp
       Link:
         C:\Program Files (x86)\Microsoft Visual Studio 10.0\VC\bin\link.exe /ERRORREPORT:PROMPT /OUT:"D:\Dropbox\Development\Heretic\\Heretic\Heretic.exe" /NOLOGO /LIBPATH:D:\Dropbox\Development\Heretic\Heretic\lib\freetype\lib /LIBPATH:"D:\Dropbox\Development\Heretic\Heretic\lib\SFML-2.2\lib" /LIBPATH:"D:\Dropbox\Development\Heretic\Heretic\lib\glew-1.11.0\lib" /LIBPATH:D:\Dropbox\Development\Heretic\Heretic\lib\DevIL\lib /LIBPATH:C:\boost_1_57_0\stage\lib opengl32.lib glu32.lib glew32.lib DevIL.lib "sfml-graphics.lib" "sfml-window.lib" "sfml-system.lib" "sfml-audio.lib" freetype.lib kernel32.lib user32.lib gdi32.lib winspool.lib comdlg32.lib advapi32.lib shell32.lib ole32.lib oleaut32.lib uuid.lib odbc32.lib odbccp32.lib /MANIFEST /ManifestFile:"Release\Heretic.exe.intermediate.manifest" /MANIFESTUAC:"level='asInvoker' uiAccess='false'" /DEBUG /PDB:"D:\Dropbox\Development\Heretic\Heretic\Heretic.pdb" /OPT:REF /OPT:ICF /LTCG /TLBID:1 /DYNAMICBASE /NXCOMPAT /IMPLIB:"D:\Dropbox\Development\Heretic\\Heretic\Heretic.lib" /MACHINE:X86 Release\Globals.obj
         Release\FPSCounter.obj
         Release\Environment.obj
         Release\Sun.obj
         Release\Tower.obj
         Release\TowerBase.obj
         Release\World.obj
         Release\Function.obj
         Release\FunctionAttack.obj
         Release\LowerFunc.obj
         Release\RaiseFunc.obj
         Release\SineFunc.obj
         Release\Gui.obj
         Release\Player.obj
         Release\LoadingSplash.obj
         Release\PauseMenu.obj
         Release\EnumWidget.obj
         Release\SettingWidget.obj
         Release\SliderWidget.obj
         Release\OmicronLogo.obj
         Release\ApplySettings.obj
         Release\Config.obj
         Release\SoundPool.obj
         Release\Camera.obj
         Release\DirectionalLight.obj
         Release\Light.obj
         Release\PointLight.obj
         Release\SpotLight.obj
         Release\CollisionChecker.obj
         Release\CollisionDetector.obj
         Release\KeyFrameMesh.obj
         Release\Mesh.obj
         Release\Renderable.obj
         Release\Sprite.obj
         Release\Text.obj
         Release\Transform.obj
         Release\Music.obj
         Release\Window.obj
         Release\ComponentTable.obj
         Release\Keyboard.obj
         Release\Mouse.obj
         Release\FPSManager.obj
         Release\LogicManager.obj
         Release\Omicron.obj
         Release\CollisionDetect.obj
         Release\ShadowMap.obj
         Release\Renderer.obj
         Release\RenderLists.obj
         Release\BlurHorRenderTexture.obj
         Release\BlurVertRenderTexture.obj
         Release\FinalRenderTexture.obj
         Release\GlowBlurHorRenderTexture.obj
         Release\GlowBlurVertRenderTexture.obj
         Release\GlowCollateRenderTexture.obj
         Release\GlowFirstPassRenderTexture.obj
         Release\GuiRenderTexture.obj
         Release\RenderTexture.obj
         Release\StdRenderTexture.obj
         Release\VisCheckRenderTexture.obj
         Release\Animation.obj
         Release\Material.obj
         Release\Glow.obj
         Release\Specular.obj
         Release\Shader.obj
         Release\Texture.obj
         Release\VisibilityCheckThread.obj
         Release\FontLoader.obj
         Release\GeometryLoader.obj
         Release\ShaderLoader.obj
         Release\TextureLoader.obj
         Release\ResourceManager.obj
         Release\ResourceServer.obj
         Release\FontResource.obj
         Release\GeometryResource.obj
         Release\KeyFrameMeshResource.obj
         Release\MaterialResource.obj
         Release\MeshResource.obj
         Release\ShaderResource.obj
         Release\SoundResource.obj
         Release\SpriteResource.obj
         Release\TextResource.obj
         Release\TextureResource.obj
         Release\VirtualFile.obj
         Release\Scene.obj
         Release\AudioSettings.obj
         Release\DisplaySettings.obj
         Release\RenderSettings.obj
         Release\SystemSettings.obj
         Release\System.obj
         Release\StartUp.obj
         Release\AllPack.obj
         Release\DebugPack.obj
         Release\EffectsPack.obj
         Release\EnvironmentPack.obj
         Release\GUIPack.obj
         Release\LoadingPack.obj
         Release\MenuPack.obj
         Release\PlayerPack.obj
         Release\StartUpPack.obj
         Release\GameplayScene.obj
         Release\LoadingScene.obj
         Release\StartUpScene.obj
         Generating code
         Finished generating code
         Heretic.vcxproj -> D:\Dropbox\Development\Heretic\\Heretic\Heretic.exe
       Manifest:
         C:\Program Files (x86)\Microsoft SDKs\Windows\v7.0A\bin\mt.exe /nologo /verbose /outputresource:"D:\Dropbox\Development\Heretic\\Heretic\Heretic.exe;#1" /manifest Release\Heretic.exe.intermediate.manifest
       FinalizeBuildStatus:
         Deleting file "Release\Heretic.unsuccessfulbuild".
         Touching "Release\Heretic.lastbuildstate".
     1>Done Building Project "D:\Dropbox\Development\Heretic\Heretic\Heretic.vcxproj" (build target(s)).

Build succeeded.

Time Elapsed 00:00:41.76
