D:\Dropbox\Development\Heretic\\Heretic\Heretic.exe
D:\Dropbox\Development\Heretic\\Heretic\Heretic.pdb
D:\DROPBOX\DEVELOPMENT\HERETIC\HERETIC\HERETIC.EXE
D:\DROPBOX\DEVELOPMENT\HERETIC\HERETIC\HERETIC.PDB
D:\DROPBOX\DEVELOPMENT\HERETIC\HERETIC\RELEASE\ALLPACK.OBJ
D:\DROPBOX\DEVELOPMENT\HERETIC\HERETIC\RELEASE\ANIMATION.OBJ
D:\DROPBOX\DEVELOPMENT\HERETIC\HERETIC\RELEASE\APPLYSETTINGS.OBJ
D:\DROPBOX\DEVELOPMENT\HERETIC\HERETIC\RELEASE\AUDIOSETTINGS.OBJ
D:\DROPBOX\DEVELOPMENT\HERETIC\HERETIC\RELEASE\BLURHORRENDERTEXTURE.OBJ
D:\DROPBOX\DEVELOPMENT\HERETIC\HERETIC\RELEASE\BLURVERTRENDERTEXTURE.OBJ
D:\DROPBOX\DEVELOPMENT\HERETIC\HERETIC\RELEASE\CAMERA.OBJ
D:\Dropbox\Development\Heretic\Heretic\Release\cl.command.1.tlog
D:\Dropbox\Development\Heretic\Heretic\Release\CL.read.1.tlog
D:\Dropbox\Development\Heretic\Heretic\Release\CL.write.1.tlog
D:\DROPBOX\DEVELOPMENT\HERETIC\HERETIC\RELEASE\COLLISIONCHECKER.OBJ
D:\DROPBOX\DEVELOPMENT\HERETIC\HERETIC\RELEASE\COLLISIONDETECT.OBJ
D:\DROPBOX\DEVELOPMENT\HERETIC\HERETIC\RELEASE\COLLISIONDETECTOR.OBJ
D:\DROPBOX\DEVELOPMENT\HERETIC\HERETIC\RELEASE\COMPONENTTABLE.OBJ
D:\DROPBOX\DEVELOPMENT\HERETIC\HERETIC\RELEASE\CONFIG.OBJ
D:\DROPBOX\DEVELOPMENT\HERETIC\HERETIC\RELEASE\DEBUGPACK.OBJ
D:\DROPBOX\DEVELOPMENT\HERETIC\HERETIC\RELEASE\DIRECTIONALLIGHT.OBJ
D:\DROPBOX\DEVELOPMENT\HERETIC\HERETIC\RELEASE\DISPLAYSETTINGS.OBJ
D:\DROPBOX\DEVELOPMENT\HERETIC\HERETIC\RELEASE\ENUMWIDGET.OBJ
D:\DROPBOX\DEVELOPMENT\HERETIC\HERETIC\RELEASE\ENVIRONMENT.OBJ
D:\DROPBOX\DEVELOPMENT\HERETIC\HERETIC\RELEASE\ENVIRONMENTPACK.OBJ
D:\DROPBOX\DEVELOPMENT\HERETIC\HERETIC\RELEASE\FACILITYPACK.OBJ
D:\DROPBOX\DEVELOPMENT\HERETIC\HERETIC\RELEASE\FINALRENDERTEXTURE.OBJ
D:\DROPBOX\DEVELOPMENT\HERETIC\HERETIC\RELEASE\FLOOR.OBJ
D:\DROPBOX\DEVELOPMENT\HERETIC\HERETIC\RELEASE\FONTLOADER.OBJ
D:\DROPBOX\DEVELOPMENT\HERETIC\HERETIC\RELEASE\FONTRESOURCE.OBJ
D:\DROPBOX\DEVELOPMENT\HERETIC\HERETIC\RELEASE\FPSCOUNTER.OBJ
D:\DROPBOX\DEVELOPMENT\HERETIC\HERETIC\RELEASE\FPSMANAGER.OBJ
D:\DROPBOX\DEVELOPMENT\HERETIC\HERETIC\RELEASE\FUNCTION.OBJ
D:\DROPBOX\DEVELOPMENT\HERETIC\HERETIC\RELEASE\GAMEPLAYSCENE.OBJ
D:\DROPBOX\DEVELOPMENT\HERETIC\HERETIC\RELEASE\GEOMETRYLOADER.OBJ
D:\DROPBOX\DEVELOPMENT\HERETIC\HERETIC\RELEASE\GEOMETRYRESOURCE.OBJ
D:\DROPBOX\DEVELOPMENT\HERETIC\HERETIC\RELEASE\GLOBALS.OBJ
D:\DROPBOX\DEVELOPMENT\HERETIC\HERETIC\RELEASE\GLOW.OBJ
D:\DROPBOX\DEVELOPMENT\HERETIC\HERETIC\RELEASE\GLOWBLURHORRENDERTEXTURE.OBJ
D:\DROPBOX\DEVELOPMENT\HERETIC\HERETIC\RELEASE\GLOWBLURVERTRENDERTEXTURE.OBJ
D:\DROPBOX\DEVELOPMENT\HERETIC\HERETIC\RELEASE\GLOWCOLLATERENDERTEXTURE.OBJ
D:\DROPBOX\DEVELOPMENT\HERETIC\HERETIC\RELEASE\GLOWFIRSTPASSRENDERTEXTURE.OBJ
D:\DROPBOX\DEVELOPMENT\HERETIC\HERETIC\RELEASE\GUI.OBJ
D:\DROPBOX\DEVELOPMENT\HERETIC\HERETIC\RELEASE\GUIPACK.OBJ
D:\DROPBOX\DEVELOPMENT\HERETIC\HERETIC\RELEASE\GUIRENDERTEXTURE.OBJ
D:\DROPBOX\DEVELOPMENT\HERETIC\HERETIC\RELEASE\HERETIC.EXE.INTERMEDIATE.MANIFEST
D:\Dropbox\Development\Heretic\Heretic\Release\Heretic.vcxprojResolveAssemblyReference.cache
D:\Dropbox\Development\Heretic\Heretic\Release\Heretic.write.1.tlog
D:\DROPBOX\DEVELOPMENT\HERETIC\HERETIC\RELEASE\KEYBOARD.OBJ
D:\DROPBOX\DEVELOPMENT\HERETIC\HERETIC\RELEASE\KEYFRAMEMESH.OBJ
D:\DROPBOX\DEVELOPMENT\HERETIC\HERETIC\RELEASE\KEYFRAMEMESHRESOURCE.OBJ
D:\DROPBOX\DEVELOPMENT\HERETIC\HERETIC\RELEASE\LIGHT.OBJ
D:\Dropbox\Development\Heretic\Heretic\Release\link.command.1.tlog
D:\Dropbox\Development\Heretic\Heretic\Release\link.read.1.tlog
D:\Dropbox\Development\Heretic\Heretic\Release\link.write.1.tlog
D:\DROPBOX\DEVELOPMENT\HERETIC\HERETIC\RELEASE\LOADINGPACK.OBJ
D:\DROPBOX\DEVELOPMENT\HERETIC\HERETIC\RELEASE\LOADINGSCENE.OBJ
D:\DROPBOX\DEVELOPMENT\HERETIC\HERETIC\RELEASE\LOADINGSPLASH.OBJ
D:\DROPBOX\DEVELOPMENT\HERETIC\HERETIC\RELEASE\LOGICMANAGER.OBJ
D:\DROPBOX\DEVELOPMENT\HERETIC\HERETIC\RELEASE\MATERIAL.OBJ
D:\DROPBOX\DEVELOPMENT\HERETIC\HERETIC\RELEASE\MATERIALRESOURCE.OBJ
D:\DROPBOX\DEVELOPMENT\HERETIC\HERETIC\RELEASE\MENUPACK.OBJ
D:\DROPBOX\DEVELOPMENT\HERETIC\HERETIC\RELEASE\MESH.OBJ
D:\DROPBOX\DEVELOPMENT\HERETIC\HERETIC\RELEASE\MESHRESOURCE.OBJ
D:\DROPBOX\DEVELOPMENT\HERETIC\HERETIC\RELEASE\MOUSE.OBJ
D:\Dropbox\Development\Heretic\Heretic\Release\mt.command.1.tlog
D:\Dropbox\Development\Heretic\Heretic\Release\mt.read.1.tlog
D:\Dropbox\Development\Heretic\Heretic\Release\mt.write.1.tlog
D:\DROPBOX\DEVELOPMENT\HERETIC\HERETIC\RELEASE\MUSIC.OBJ
D:\DROPBOX\DEVELOPMENT\HERETIC\HERETIC\RELEASE\OMICRON.OBJ
D:\DROPBOX\DEVELOPMENT\HERETIC\HERETIC\RELEASE\OMICRONLOGO.OBJ
D:\DROPBOX\DEVELOPMENT\HERETIC\HERETIC\RELEASE\PAUSEMENU.OBJ
D:\DROPBOX\DEVELOPMENT\HERETIC\HERETIC\RELEASE\PLAYER.OBJ
D:\DROPBOX\DEVELOPMENT\HERETIC\HERETIC\RELEASE\PLAYERPACK.OBJ
D:\DROPBOX\DEVELOPMENT\HERETIC\HERETIC\RELEASE\POINTLIGHT.OBJ
D:\DROPBOX\DEVELOPMENT\HERETIC\HERETIC\RELEASE\RAISEFUNC.OBJ
D:\DROPBOX\DEVELOPMENT\HERETIC\HERETIC\RELEASE\RENDERABLE.OBJ
D:\DROPBOX\DEVELOPMENT\HERETIC\HERETIC\RELEASE\RENDERER.OBJ
D:\DROPBOX\DEVELOPMENT\HERETIC\HERETIC\RELEASE\RENDERLISTS.OBJ
D:\DROPBOX\DEVELOPMENT\HERETIC\HERETIC\RELEASE\RENDERSETTINGS.OBJ
D:\DROPBOX\DEVELOPMENT\HERETIC\HERETIC\RELEASE\RENDERTEXTURE.OBJ
D:\DROPBOX\DEVELOPMENT\HERETIC\HERETIC\RELEASE\RESOURCEMANAGER.OBJ
D:\DROPBOX\DEVELOPMENT\HERETIC\HERETIC\RELEASE\RESOURCESERVER.OBJ
D:\DROPBOX\DEVELOPMENT\HERETIC\HERETIC\RELEASE\SCENE.OBJ
D:\DROPBOX\DEVELOPMENT\HERETIC\HERETIC\RELEASE\SETTINGWIDGET.OBJ
D:\DROPBOX\DEVELOPMENT\HERETIC\HERETIC\RELEASE\SHADER.OBJ
D:\DROPBOX\DEVELOPMENT\HERETIC\HERETIC\RELEASE\SHADERLOADER.OBJ
D:\DROPBOX\DEVELOPMENT\HERETIC\HERETIC\RELEASE\SHADERRESOURCE.OBJ
D:\DROPBOX\DEVELOPMENT\HERETIC\HERETIC\RELEASE\SHADOWMAP.OBJ
D:\DROPBOX\DEVELOPMENT\HERETIC\HERETIC\RELEASE\SINEFUNC.OBJ
D:\DROPBOX\DEVELOPMENT\HERETIC\HERETIC\RELEASE\SLIDERWIDGET.OBJ
D:\DROPBOX\DEVELOPMENT\HERETIC\HERETIC\RELEASE\SOUNDPOOL.OBJ
D:\DROPBOX\DEVELOPMENT\HERETIC\HERETIC\RELEASE\SOUNDRESOURCE.OBJ
D:\DROPBOX\DEVELOPMENT\HERETIC\HERETIC\RELEASE\SPECULAR.OBJ
D:\DROPBOX\DEVELOPMENT\HERETIC\HERETIC\RELEASE\SPOTLIGHT.OBJ
D:\DROPBOX\DEVELOPMENT\HERETIC\HERETIC\RELEASE\SPRITE.OBJ
D:\DROPBOX\DEVELOPMENT\HERETIC\HERETIC\RELEASE\SPRITERESOURCE.OBJ
D:\DROPBOX\DEVELOPMENT\HERETIC\HERETIC\RELEASE\STARTUP.OBJ
D:\DROPBOX\DEVELOPMENT\HERETIC\HERETIC\RELEASE\STARTUPPACK.OBJ
D:\DROPBOX\DEVELOPMENT\HERETIC\HERETIC\RELEASE\STARTUPSCENE.OBJ
D:\DROPBOX\DEVELOPMENT\HERETIC\HERETIC\RELEASE\STDRENDERTEXTURE.OBJ
D:\DROPBOX\DEVELOPMENT\HERETIC\HERETIC\RELEASE\SUN.OBJ
D:\DROPBOX\DEVELOPMENT\HERETIC\HERETIC\RELEASE\SYSTEM.OBJ
D:\DROPBOX\DEVELOPMENT\HERETIC\HERETIC\RELEASE\SYSTEMSETTINGS.OBJ
D:\DROPBOX\DEVELOPMENT\HERETIC\HERETIC\RELEASE\TESTENTITY.OBJ
D:\DROPBOX\DEVELOPMENT\HERETIC\HERETIC\RELEASE\TESTWORLD.OBJ
D:\DROPBOX\DEVELOPMENT\HERETIC\HERETIC\RELEASE\TEXT.OBJ
D:\DROPBOX\DEVELOPMENT\HERETIC\HERETIC\RELEASE\TEXTRESOURCE.OBJ
D:\DROPBOX\DEVELOPMENT\HERETIC\HERETIC\RELEASE\TEXTURE.OBJ
D:\DROPBOX\DEVELOPMENT\HERETIC\HERETIC\RELEASE\TEXTURELOADER.OBJ
D:\DROPBOX\DEVELOPMENT\HERETIC\HERETIC\RELEASE\TEXTURERESOURCE.OBJ
D:\DROPBOX\DEVELOPMENT\HERETIC\HERETIC\RELEASE\TRANSFORM.OBJ
D:\DROPBOX\DEVELOPMENT\HERETIC\HERETIC\RELEASE\VC100.PDB
D:\DROPBOX\DEVELOPMENT\HERETIC\HERETIC\RELEASE\VIRTUALFILE.OBJ
D:\DROPBOX\DEVELOPMENT\HERETIC\HERETIC\RELEASE\VISCHECKRENDERTEXTURE.OBJ
D:\DROPBOX\DEVELOPMENT\HERETIC\HERETIC\RELEASE\VISIBILITYCHECKTHREAD.OBJ
D:\DROPBOX\DEVELOPMENT\HERETIC\HERETIC\RELEASE\WINDOW.OBJ
D:\DROPBOX\DEVELOPMENT\HERETIC\HERETIC\RELEASE\WORLD.OBJ
